================================================================================
Enhanced Faith Journal Project Assistant
Multi-threaded analysis and optimization tool
================================================================================
[14:38:10] [INFO] [MainThread] Starting comprehensive Faith Journal project analysis
[14:38:10] [WARNING] [MainThread] Missing required components: ['views_folder', 'models_folder', 'assets', 'info_plist', 'app_file']
[14:38:10] [INFO] [MainThread] Starting parallel analysis with 12 workers
[14:38:10] [INFO] [MainThread] Found 4 Swift files, 0 storyboards, 1 plists
[14:38:10] [INFO] [ThreadPoolExecutor-0_0] Fixed trailing whitespace in Package.swift
[14:38:10] [INFO] [ThreadPoolExecutor-0_1] Applied 0 fixes to Faith_JournalTests.swift
[14:38:10] [INFO] [MainThread] Processed Faith_JournalTests.swift - 0 fixes applied
[14:38:10] [INFO] [ThreadPoolExecutor-0_0] Applied 1 fixes to Package.swift
[14:38:10] [INFO] [MainThread] Processed Package.swift - 1 fixes applied
[14:38:10] [INFO] [ThreadPoolExecutor-0_2] Applied 0 fixes to Faith_JournalUITestsLaunchTests.swift
[14:38:10] [INFO] [MainThread] Processed Faith_JournalUITestsLaunchTests.swift - 0 fixes applied
[14:38:10] [INFO] [ThreadPoolExecutor-0_3] Applied 0 fixes to Faith_JournalUITests.swift
[14:38:10] [INFO] [MainThread] Processed Faith_JournalUITests.swift - 0 fixes applied
[14:38:10] [INFO] [MainThread] Analysis complete: 4 files processed, 1 fixes applied
[14:38:10] [WARNING] [MainThread] Missing required components: ['views_folder', 'models_folder', 'assets', 'info_plist', 'app_file']
[14:38:10] [INFO] [MainThread] Found 4 Swift files, 0 storyboards, 1 plists
[14:38:28] [INFO] [MainThread] Full analysis complete. Report saved to /Users/ronellbradley/Desktop/Faith Journal/enhanced_analysis_report.json

================================================================================
ANALYSIS SUMMARY
================================================================================
Files processed: 4
Fixes applied: 1
Structure valid: False
Build successful: False
Total time: 17.98 seconds

⚠️  Project structure issues detected - see report for details

❌ Build failed - see report for compilation errors

✅ Applied 1 automated fixes

📊 Detailed report saved to: enhanced_analysis_report.json
